[debug] [2019-09-16T06:57:41.710Z] ----------------------------------------------------------------------
[debug] [2019-09-16T06:57:41.712Z] Command:       C:\Program Files\nodejs\node.exe C:\Users\jewel\AppData\Roaming\npm\node_modules\firebase-tools\lib\bin\firebase.js init
[debug] [2019-09-16T06:57:41.712Z] CLI Version:   7.3.2
[debug] [2019-09-16T06:57:41.712Z] Platform:      win32
[debug] [2019-09-16T06:57:41.712Z] Node Version:  v10.16.3
[debug] [2019-09-16T06:57:41.723Z] Time:          Mon Sep 16 2019 12:57:41 GMT+0600 (Bangladesh Standard Time)
[debug] [2019-09-16T06:57:41.723Z] ----------------------------------------------------------------------
[debug] 
[debug] [2019-09-16T06:57:41.745Z] > command requires scopes: ["email","openid","https://www.googleapis.com/auth/cloudplatformprojects.readonly","https://www.googleapis.com/auth/firebase","https://www.googleapis.com/auth/cloud-platform"]
[debug] [2019-09-16T06:57:41.746Z] > authorizing via signed-in user
[info] 
     ######## #### ########  ######## ########     ###     ######  ########
     ##        ##  ##     ## ##       ##     ##  ##   ##  ##       ##
     ######    ##  ########  ######   ########  #########  ######  ######
     ##        ##  ##    ##  ##       ##     ## ##     ##       ## ##
     ##       #### ##     ## ######## ########  ##     ##  ######  ########

You're about to initialize a Firebase project in this directory:

  D:\Academic\SPL3 Implementation\Paikari-A-wholesale-Ecommerce-solution\paikari

Before we get started, keep in mind:

  * You are initializing in an existing Firebase project directory

